(turno:0)
(mapa:99)
(puerta:cerrada:5:1 3 5 7 9 11 13 15 17 19 21 23 25 27 29 :)

 _ _ _ _ _ _ _ _ _ _
|4  |_  | |    _ _  |
|  _  |  _ _| | |_  |
| |  _ _  |     | | |
|_|_   _|_  | | | | |
|_   _     _ _| | |_|
|_ _  |_|_| |_   _  |
| | |_    | |       |
| | |  _|_|  _|_| | |
|    _    |_| |   | |
|I|_ _|_|_ _ _|_|_ T|
(sala:0: 0 1 1 2 3)
(sala:1: 3 4 5 5 6)
(sala:11: 7 7 8 9 9)
(sala:12: 10 11 11 12 13)
(sala:22: 13 14 15 15 16)
(sala:26: 17 17 18 19 19)
(sala:27: 20 21 21 22 23)
(sala:37: 23 24 25 25 26)
(sala:47: 27 27 28 29 29)
(stark:J:0:1:)
(targaryen:D:0:1:)
(stark:S:0:2:)
(targaryen:A:0:2:)
(caminante:I:90:2:)
(lannister:T:99:1:29 27 25 23 21 19 17 15 13 11 9 7 5 3 1 )

###########################################

(turno:1)
(mapa:99)
(puerta:cerrada:5:1 3 5 7 9 11 13 15 17 19 21 23 25 27 29 :)

 _ _ _ _ _ _ _ _ _ _
|2 2|_  | |    _ _  |
|  _  |  _ _| | |_  |
| |  _ _  |     | | |
|_|_   _|_  | | | | |
|_   _     _ _| | |_|
|_ _  |_|_| |_   _  |
| | |_    | |       |
| | |  _|_|  _|_| | |
|    _    |_| |   |T|
|I|_ _|_|_ _ _|_|_ _|
(sala:0: 0 1 1 2 3)
(sala:1: 5 5 6)
(sala:11: 7 7 8 9 9)
(sala:12: 10 11 11 12 13)
(sala:22: 13 14 15 15 16)
(sala:26: 17 17 18 19 19)
(sala:27: 20 21 21 22 23)
(sala:37: 23 24 25 25 26)
(sala:47: 27 27 28 29 29)
(stark:S:0:2:)
(targaryen:A:0:2:)
(stark:J:1:2:3 )
(targaryen:D:1:2:4 )
(lannister:T:89:2:29 27 25 23 21 19 17 15 13 11 9 7 5 3 1 )
(caminante:I:90:2:)

###########################################

(turno:2)
(mapa:99)
(puerta:cerrada:5:1 3 5 7 9 11 13 15 17 19 21 23 25 27 29 :)

 _ _ _ _ _ _ _ _ _ _
|_ 2|_  | |    _ _  |
|  2  |  _ _| | |_  |
| |  _ _  |     | | |
|_|_   _|_  | | | | |
|_   _     _ _| | |_|
|_ _  |_|_| |_   _  |
| | |_    | |       |
| | |  _|_|  _|_| |T|
|I   _    |_| |   | |
|_|_ _|_|_ _ _|_|_ _|
(sala:0: 0 1 1 2 3)
(sala:1: 6)
(sala:11: 8 9 9)
(sala:12: 10 11 11 12 13)
(sala:22: 13 14 15 15 16)
(sala:26: 17 17 18 19 19)
(sala:27: 20 21 21 22 23)
(sala:37: 23 24 25 25 26)
(sala:47: 27 27 28 29 29)
(stark:S:1:3:5 )
(targaryen:A:1:3:5 )
(stark:J:11:3:7 3 )
(targaryen:D:11:3:7 4 )
(lannister:T:79:3:29 27 25 23 21 19 17 15 13 11 9 7 5 3 1 )
(caminante:I:80:3:)

###########################################

(turno:3)
(mapa:99)
(puerta:cerrada:5:1 3 5 7 9 11 13 15 17 19 21 23 25 27 29 :)

 _ _ _ _ _ _ _ _ _ _
|_  |_  | |    _ _  |
|D 2 J|  _ _| | |_  |
| |  _ _  |     | | |
|_|_   _|_  | | | | |
|_   _     _ _| | |_|
|_ _  |_|_| |_   _  |
| | |_    | |      T|
| | |  _|_|  _|_| | |
|  I _    |_| |   | |
|_|_ _|_|_ _ _|_|_ _|
(sala:0: 0 1 1 2 3)
(sala:1: 6)
(sala:11: 9)
(sala:12: 11 11 12 13)
(sala:22: 13 14 15 15 16)
(sala:26: 17 17 18 19 19)
(sala:27: 20 21 21 22 23)
(sala:37: 23 24 25 25 26)
(sala:47: 27 27 28 29 29)
(targaryen:D:10:4:7 4 )
(stark:S:11:4:8 5 )
(targaryen:A:11:4:9 5 )
(stark:J:12:4:10 7 3 )
(lannister:T:69:4:29 27 25 23 21 19 17 15 13 11 9 7 5 3 1 )
(caminante:I:81:4:)

###########################################

(turno:4)
(mapa:99)
(puerta:cerrada:5:1 3 5 7 9 11 13 15 17 19 21 23 25 27 29 :)

 _ _ _ _ _ _ _ _ _ _
|_  |_  | |    _ _  |
|A _ S|  _ _| | |_  |
|D|  J _  |     | | |
|_|_   _|_  | | | | |
|_   _     _ _| | |_|
|_ _  |_|_| |_   _ T|
| | |_    | |       |
| | |  _|_|  _|_| | |
|    I    |_| |   | |
|_|_ _|_|_ _ _|_|_ _|
(sala:0: 0 1 1 2 3)
(sala:1: 6)
(sala:11: 9)
(sala:12: 11 12 13)
(sala:22: 14 15 15 16)
(sala:26: 17 17 18 19 19)
(sala:27: 20 21 21 22 23)
(sala:37: 23 24 25 25 26)
(sala:47: 27 27 28 29 29)
(targaryen:A:10:5:9 5 )
(stark:S:12:5:11 8 5 )
(targaryen:D:20:5:7 4 )
(stark:J:22:5:13 10 7 3 )
(lannister:T:59:5:29 27 25 23 21 19 17 15 13 11 9 7 5 3 1 )
(caminante:I:82:5:)

###########################################

(turno:5)
(mapa:99)
(puerta:cerrada:5:1 3 5 7 9 11 13 15 17 19 21 23 25 27 29 :)

 _ _ _ _ _ _ _ _ _ _
|_  |_  | |    _ _  |
|  _  |  _ _| | |_  |
|A|J S _  |     | | |
|D|_   _|_  | | | | |
|_   _     _ _| | |_|
|_ _  |_|_| |_   T  |
| | |_    | |       |
| | |I _|_|  _|_| | |
|    _    |_| |   | |
|_|_ _|_|_ _ _|_|_ _|
(sala:0: 0 1 1 2 3)
(sala:1: 6)
(sala:11: 9)
(sala:12: 11 12 13)
(sala:22: 15 15 16)
(sala:26: 17 17 18 19 19)
(sala:27: 20 21 21 22 23)
(sala:37: 23 24 25 25 26)
(sala:47: 27 27 28 29 29)
(sala:58: 29)
(targaryen:A:20:6:9 5 )
(stark:J:21:6:13 10 7 3 )
(stark:S:22:6:14 11 8 5 )
(targaryen:D:30:6:7 4 )
(lannister:T:58:6:27 25 23 21 19 17 15 13 11 9 7 5 3 1 )
(caminante:I:72:6:)

###########################################

(turno:6)
(mapa:99)
(puerta:cerrada:5:1 3 5 7 9 11 13 15 17 19 21 23 25 27 29 :)

 _ _ _ _ _ _ _ _ _ _
|_  |_  | |    _ _  |
|  _  |  _ _| | |_  |
|D|S _ _  |     | | |
|A|J   _|_  | | | | |
|_   _     _ _| | |_|
|_ _  |_|_| |_ T _  |
| | |_    | |       |
| | |  I|_|  _|_| | |
|    _    |_| |   | |
|_|_ _|_|_ _ _|_|_ _|
(sala:0: 0 1 1 2 3)
(sala:1: 6)
(sala:11: 9)
(sala:12: 11 12 13)
(sala:22: 15 15 16)
(sala:26: 17 17 18 19 19)
(sala:27: 20 21 21 22 23)
(sala:37: 23 24 25 25 26)
(sala:47: 27 27 28 29 29)
(sala:58: 29)
(targaryen:D:20:7:7 4 )
(stark:S:21:7:14 11 8 5 )
(targaryen:A:30:7:9 5 )
(stark:J:31:7:13 10 7 3 )
(lannister:T:57:7:27 25 23 21 19 17 15 13 11 9 7 5 3 1 )
(caminante:I:73:7:)

###########################################

(turno:7)
(mapa:99)
(puerta:cerrada:5:1 3 5 7 9 11 13 15 17 19 21 23 25 27 29 :)

 _ _ _ _ _ _ _ _ _ _
|_  |_  | |    _ _  |
|D _  |  _ _| | |_  |
|A|  _ _  |     | | |
|_|S J _|_  | | | | |
|_   _     _ _|T| |_|
|_ _  |_|_| |_   _  |
| | |_ I  | |       |
| | |  _|_|  _|_| | |
|    _    |_| |   | |
|_|_ _|_|_ _ _|_|_ _|
(sala:0: 0 1 1 2 3)
(sala:1: 6)
(sala:11: 9)
(sala:12: 11 12 13)
(sala:22: 15 15 16)
(sala:26: 17 17 18 19 19)
(sala:27: 20 21 21 22 23)
(sala:37: 23 24 25 25 26)
(sala:47: 27 27 28 29 29)
(sala:58: 29)
(targaryen:D:10:8:7 4 )
(targaryen:A:20:8:9 5 )
(stark:S:31:8:14 11 8 5 )
(stark:J:32:8:13 10 7 3 )
(lannister:T:47:8:27 25 23 21 19 17 15 13 11 9 7 5 3 1 )
(caminante:I:63:8:)

###########################################

(turno:8)
(mapa:99)
(puerta:cerrada:5:1 3 5 7 9 11 13 15 17 19 21 23 25 27 29 :)

 _ _ _ _ _ _ _ _ _ _
|_  |_  | |    _ _  |
|A D  |  _ _| | |_  |
| |  _ _  |     | | |
|_|_ S _|_  | |T| | |
|_   J     _ _| | |_|
|_ _  |_|_| |_   _  |
| | |I    | |       |
| | |  _|_|  _|_| | |
|    _    |_| |   | |
|_|_ _|_|_ _ _|_|_ _|
(sala:0: 0 1 1 2 3)
(sala:1: 6)
(sala:12: 11 12 13)
(sala:22: 15 15 16)
(sala:26: 17 17 18 19 19)
(sala:27: 20 21 21 22 23)
(sala:37: 23 24 25 25 26)
(sala:47: 27 27 28 29 29)
(sala:58: 29)
(targaryen:A:10:9:9 5 )
(targaryen:D:11:9:9 7 4 )
(stark:S:32:9:14 11 8 5 )
(lannister:T:37:9:27 25 23 21 19 17 15 13 11 9 7 5 3 1 )
(stark:J:42:9:13 10 7 3 )
(caminante:I:62:9:)

###########################################

(turno:9)
(mapa:99)
(puerta:cerrada:5:1 3 5 7 9 11 13 15 17 19 21 23 25 27 29 :)

 _ _ _ _ _ _ _ _ _ _
|_  |_  | |    _ _  |
|  A D|  _ _| | |_  |
| |  _ _  |    T| | |
|_|_   _|_  | | | | |
|_   S J   _ _| | |_|
|_ _ I|_|_| |_   _  |
| | |_    | |       |
| | |  _|_|  _|_| | |
|    _    |_| |   | |
|_|_ _|_|_ _ _|_|_ _|
(sala:0: 0 1 1 2 3)
(sala:1: 6)
(sala:12: 12 13)
(sala:22: 15 15 16)
(sala:26: 17 17 18 19 19)
(sala:27: 20 21 21 22 23)
(sala:37: 23 24 25 25 26)
(sala:47: 27 27 28 29 29)
(sala:58: 29)
(targaryen:A:11:10:9 5 )
(targaryen:D:12:10:11 9 7 4 )
(lannister:T:27:10:27 25 23 21 19 17 15 13 11 9 7 5 3 1 )
(stark:S:42:10:14 11 8 5 )
(stark:J:43:10:13 10 7 3 )
(caminante:I:52:10:)

###########################################

(turno:10)
(mapa:99)
(puerta:cerrada:5:1 3 5 7 9 11 13 15 17 19 21 23 25 27 29 :)

 _ _ _ _ _ _ _ _ _ _
|_  |_  | |    _ _  |
|  _ A|  _ _| | |_  |
| |  D _  |  T  | | |
|_|_   _|_  | | | | |
|_   _ S J _ _| | |_|
|_ I  |_|_| |_   _  |
| | |_    | |       |
| | |  _|_|  _|_| | |
|    _    |_| |   | |
|_|_ _|_|_ _ _|_|_ _|
(sala:0: 0 1 1 2 3)
(sala:1: 6)
(sala:12: 13)
(sala:22: 15 16)
(sala:26: 17 17 18 19 19 27)
(sala:27: 20 21 21 22 23)
(sala:37: 23 24 25 25 26)
(sala:47: 27 27 28 29 29)
(sala:58: 29)
(targaryen:A:12:11:12 9 5 )
(targaryen:D:22:11:15 11 9 7 4 )
(lannister:T:26:11:25 23 21 19 17 15 13 11 9 7 5 3 1 )
(stark:S:43:11:14 11 8 5 )
(stark:J:44:11:13 10 7 3 )
(caminante:I:51:11:)

###########################################

(turno:11)
(mapa:99)
(puerta:cerrada:5:1 3 5 7 9 11 13 15 17 19 21 23 25 27 29 :)

 _ _ _ _ _ _ _ _ _ _
|_  |_  | |    _ _  |
|  _  |  _ _|T| |_  |
| |D A _  |     | | |
|_|_   _|_  | | | | |
|_ I _   S J _| | |_|
|_ _  |_|_| |_   _  |
| | |_    | |       |
| | |  _|_|  _|_| | |
|    _    |_| |   | |
|_|_ _|_|_ _ _|_|_ _|
(sala:0: 0 1 1 2 3)
(sala:1: 6)
(sala:12: 13)
(sala:16: 25)
(sala:22: 16)
(sala:26: 17 17 18 19 19 27)
(sala:27: 20 21 21 22 23)
(sala:37: 23 24 25 25 26)
(sala:47: 27 27 28 29 29)
(sala:58: 29)
(lannister:T:16:12:23 21 19 17 15 13 11 9 7 5 3 1 )
(targaryen:D:21:12:15 11 9 7 4 )
(targaryen:A:22:12:15 12 9 5 )
(caminante:I:41:12:)
(stark:S:44:12:14 11 8 5 )
(stark:J:45:12:13 10 7 3 )

###########################################

(turno:12)
(mapa:99)
(puerta:cerrada:5:1 3 5 7 9 11 13 15 17 19 21 23 25 27 29 :)

 _ _ _ _ _ _ _ _ _ _
|_  |_  | |  T _ _  |
|  _  |  _ _| | |_  |
| |A _ _  |     | | |
|_|D   _|_ J| | | | |
|_   I     S _| | |_|
|_ _  |_|_| |_   _  |
| | |_    | |       |
| | |  _|_|  _|_| | |
|    _    |_| |   | |
|_|_ _|_|_ _ _|_|_ _|
(sala:0: 0 1 1 2 3)
(sala:1: 6)
(sala:6: 23)
(sala:12: 13)
(sala:16: 25)
(sala:22: 16)
(sala:26: 17 17 18 19 19 27)
(sala:27: 20 21 21 22 23)
(sala:37: 23 24 25 25 26)
(sala:47: 27 27 28 29 29)
(sala:58: 29)
(lannister:T:6:13:21 19 17 15 13 11 9 7 5 3 1 )
(targaryen:A:21:13:15 12 9 5 )
(targaryen:D:31:13:15 11 9 7 4 )
(stark:J:35:13:13 10 7 3 )
(caminante:I:42:13:)
(stark:S:45:13:14 11 8 5 )

###########################################

(turno:13)
(mapa:99)
(puerta:cerrada:5:1 3 5 7 9 11 13 15 17 19 21 23 25 27 29 :)

 _ _ _ _ _ _ _ _ _ _
|_  |_  | |    T _  |
|  _  |  _ _| | |_  |
| |  _ _  |J    | | |
|_|A I _|_ S| | | | |
|_   _     _ _| | |_|
|_ _  |_|_| |_   _  |
| | |_    | |       |
| | |  _|_|  _|_| | |
|    _    |_| |   | |
|_|_ _|_|_ _ _|_|_ _|
(sala:0: 0 1 1 2 3)
(sala:1: 6)
(sala:6: 23)
(sala:12: 13)
(sala:16: 25)
(sala:22: 16)
(sala:26: 17 17 18 19 19 27)
(sala:27: 20 21 21 22 23)
(sala:37: 23 24 25 25 26)
(sala:47: 27 27 28 29 29)
(sala:58: 29)
(lannister:T:7:14:21 19 17 15 13 11 9 7 5 3 1 )
(stark:J:25:14:13 10 7 3 )
(targaryen:A:31:14:15 12 9 5 )
(caminante:I:32:14:D )
(stark:S:35:14:14 11 8 5 )

###########################################

(turno:14)
(mapa:99)
(puerta:cerrada:5:1 3 5 7 9 11 13 15 17 19 21 23 25 27 29 :)

 _ _ _ _ _ _ _ _ _ _
|_  |_  | |    _ T  |
|  _  |  _ _| | |_  |
| |  _ _  |S J  | | |
|_|I A _|_  | | | | |
|_   _     _ _| | |_|
|_ _  |_|_| |_   _  |
| | |_    | |       |
| | |  _|_|  _|_| | |
|    _    |_| |   | |
|_|_ _|_|_ _ _|_|_ _|
(sala:0: 0 1 1 2 3)
(sala:1: 6)
(sala:6: 23)
(sala:8: 21)
(sala:12: 13)
(sala:16: 25)
(sala:22: 16)
(sala:26: 17 18 19 19 27)
(sala:27: 20 21 21 22 23)
(sala:37: 23 24 25 25 26)
(sala:47: 27 27 28 29 29)
(sala:58: 29)
(lannister:T:8:15:19 17 15 13 11 9 7 5 3 1 )
(stark:S:25:15:14 11 8 5 )
(stark:J:26:15:17 13 10 7 3 )
(caminante:I:31:15:D )
(targaryen:A:32:15:15 12 9 5 )

###########################################

(turno:15)
(mapa:99)
(puerta:cerrada:5:1 3 5 7 9 11 13 15 17 19 21 23 25 27 29 :)

 _ _ _ _ _ _ _ _ _ _
|_  |_  | |    _ _ T|
|  _  |  _ _| | |_  |
| |I _ _  |  S J| | |
|_|_   _|_  | | | | |
|_   A     _ _| | |_|
|_ _  |_|_| |_   _  |
| | |_    | |       |
| | |  _|_|  _|_| | |
|    _    |_| |   | |
|_|_ _|_|_ _ _|_|_ _|
(sala:0: 0 1 1 2 3)
(sala:1: 6)
(sala:6: 23)
(sala:8: 21)
(sala:12: 13)
(sala:16: 25)
(sala:22: 16)
(sala:26: 18 19 19 27)
(sala:27: 21 21 22 23)
(sala:37: 23 24 25 25 26)
(sala:47: 27 27 28 29 29)
(sala:58: 29)
(lannister:T:9:16:19 17 15 13 11 9 7 5 3 1 )
(caminante:I:21:16:D )
(stark:S:26:16:17 14 11 8 5 )
(stark:J:27:16:20 17 13 10 7 3 )
(targaryen:A:42:16:15 12 9 5 )

###########################################

(turno:16)
(mapa:99)
(puerta:cerrada:5:1 3 5 7 9 11 13 15 17 19 21 23 25 27 29 :)

 _ _ _ _ _ _ _ _ _ _
|_  |_  | |    _ T  |
|  _  |  _ _| | |_  |
| |  I _  |    S| | |
|_|_   _|_  | |J| | |
|_ A _     _ _| | |_|
|_ _  |_|_| |_   _  |
| | |_    | |       |
| | |  _|_|  _|_| | |
|    _    |_| |   | |
|_|_ _|_|_ _ _|_|_ _|
(sala:0: 0 1 1 2 3)
(sala:1: 6)
(sala:6: 23)
(sala:8: 19 21)
(sala:12: 13)
(sala:16: 25)
(sala:22: 16)
(sala:26: 18 19 19 27)
(sala:27: 21 22 23)
(sala:37: 24 25 25 26)
(sala:47: 27 27 28 29 29)
(sala:58: 29)
(lannister:T:8:17:17 15 13 11 9 7 5 3 1 )
(caminante:I:22:17:D )
(stark:S:27:17:21 17 14 11 8 5 )
(stark:J:37:17:23 20 17 13 10 7 3 )
(targaryen:A:41:17:15 12 9 5 )

###########################################

(turno:17)
(mapa:99)
(puerta:cerrada:5:1 3 5 7 9 11 13 15 17 19 21 23 25 27 29 :)

 _ _ _ _ _ _ _ _ _ _
|_  |_  | |    T _  |
|  _ I|  _ _| | |_  |
| |  _ _  |     | | |
|_|_   _|_  | |S| | |
|A   _     _ _|J| |_|
|_ _  |_|_| |_   _  |
| | |_    | |       |
| | |  _|_|  _|_| | |
|    _    |_| |   | |
|_|_ _|_|_ _ _|_|_ _|
(sala:0: 0 1 1 2 3)
(sala:1: 6)
(sala:6: 23)
(sala:8: 19 21)
(sala:12: 13)
(sala:16: 25)
(sala:22: 16)
(sala:26: 18 19 19 27)
(sala:27: 21 22 23)
(sala:37: 25 25 26)
(sala:47: 27 28 29 29)
(sala:58: 29)
(lannister:T:7:18:17 15 13 11 9 7 5 3 1 )
(caminante:I:12:18:D )
(stark:S:37:18:24 21 17 14 11 8 5 )
(targaryen:A:40:18:15 12 9 5 )
(stark:J:47:18:27 23 20 17 13 10 7 3 )

###########################################

(turno:18)
(mapa:99)
(puerta:cerrada:5:1 3 5 7 9 11 13 15 17 19 21 23 25 27 29 :)

 _ _ _ _ _ _ _ _ _ _
|_  |_  | |  T _ _  |
|  I  |  _ _| | |_  |
| |  _ _  |     | | |
|_|_   _|_  | | | | |
|_ A _     _ _|S| |_|
|_ _  |_|_| |_ J _  |
| | |_    | |       |
| | |  _|_|  _|_| | |
|    _    |_| |   | |
|_|_ _|_|_ _ _|_|_ _|
(sala:0: 0 1 1 2 3)
(sala:1: 6)
(sala:6: 17 23)
(sala:8: 19 21)
(sala:12: 13)
(sala:16: 25)
(sala:22: 16)
(sala:26: 18 19 19 27)
(sala:27: 21 22 23)
(sala:37: 25 25 26)
(sala:47: 28 29 29)
(sala:58: 29)
(lannister:T:6:19:15 13 11 9 7 5 3 1 )
(caminante:I:11:19:D )
(targaryen:A:41:19:15 12 9 5 )
(stark:S:47:19:27 24 21 17 14 11 8 5 )
(stark:J:57:19:27 23 20 17 13 10 7 3 )

###########################################

(turno:19)
(mapa:99)
(puerta:cerrada:5:1 3 5 7 9 11 13 15 17 19 21 23 25 27 29 :)

 _ _ _ _ _ _ _ _ _ _
|_ I|_  | |T   _ _  |
|  _  |  _ _| | |_  |
| |  _ _  |     | | |
|_|_   _|_  | | | | |
|_   _     _ _| | |_|
|_ A  |_|_| |_ S J  |
| | |_    | |       |
| | |  _|_|  _|_| | |
|    _    |_| |   | |
|_|_ _|_|_ _ _|_|_ _|
(sala:0: 0 1 1 2 3)
(sala:1: 6)
(sala:6: 17 23)
(sala:8: 19 21)
(sala:12: 13)
(sala:16: 25)
(sala:22: 16)
(sala:26: 18 19 19 27)
(sala:27: 21 22 23)
(sala:37: 25 25 26)
(sala:47: 28 29 29)
(caminante:I:1:20:D )
(lannister:T:5:20:15 13 11 9 7 5 3 1 )
(targaryen:A:51:20:15 12 9 5 )
(stark:S:57:20:27 24 21 17 14 11 8 5 )
(stark:J:58:20:29 27 23 20 17 13 10 7 3 )

###########################################

(turno:20)
(mapa:99)
(puerta:cerrada:5:1 3 5 7 9 11 13 15 17 19 21 23 25 27 29 :)

 _ _ _ _ _ _ _ _ _ _
|I  |_  | |    _ _  |
|  _  |  _ T| | |_  |
| |  _ _  |     | | |
|_|_   _|_  | | | | |
|_   _     _ _| | |_|
|A _  |_|_| |_   S J|
| | |_    | |       |
| | |  _|_|  _|_| | |
|    _    |_| |   | |
|_|_ _|_|_ _ _|_|_ _|
(sala:0: 0 1 1 2 3)
(sala:1: 6)
(sala:6: 17 23)
(sala:8: 19 21)
(sala:12: 13)
(sala:16: 25)
(sala:22: 16)
(sala:26: 18 19 19 27)
(sala:27: 21 22 23)
(sala:37: 25 25 26)
(sala:47: 28 29 29)
(caminante:I:0:21:D )
(lannister:T:15:21:15 13 11 9 7 5 3 1 )
(targaryen:A:50:21:15 12 9 5 )
(stark:S:58:21:27 24 21 17 14 11 8 5 )
(stark:J:59:21:29 27 23 20 17 13 10 7 3 )

###########################################

(turno:21)
(mapa:99)
(puerta:cerrada:5:1 3 5 7 9 11 13 15 17 19 21 23 25 27 29 :)

 _ _ _ _ _ _ _ _ _ _
|_ I|_  | |    _ _  |
|  _  |  T _| | |_  |
| |  _ _  |     | | |
|_|_   _|_  | | | | |
|_   _     _ _| | |_|
|_ A  |_|_| |_   _ S|
| | |_    | |      J|
| | |  _|_|  _|_| | |
|    _    |_| |   | |
|_|_ _|_|_ _ _|_|_ _|
(sala:0: 0 1 1 2 3)
(sala:1: 6)
(sala:6: 17 23)
(sala:8: 19 21)
(sala:12: 13)
(sala:14: 15)
(sala:16: 25)
(sala:22: 16)
(sala:26: 18 19 19 27)
(sala:27: 21 22 23)
(sala:37: 25 25 26)
(sala:47: 28 29 29)
(caminante:I:1:22:D )
(lannister:T:14:22:13 11 9 7 5 3 1 )
(targaryen:A:51:22:15 12 9 5 )
(stark:S:59:22:27 24 21 17 14 11 8 5 )
(stark:J:69:22:29 27 23 20 17 13 10 7 3 )

###########################################

(turno:22)
(mapa:99)
(puerta:cerrada:5:1 3 5 7 9 11 13 15 17 19 21 23 25 27 29 :)

 _ _ _ _ _ _ _ _ _ _
|_  |_  | |    _ _  |
|  I  |T _ _| | |_  |
| |  _ _  |     | | |
|_|_   _|_  | | | | |
|_   _     _ _| | |_|
|_ _ A|_|_| |_   _  |
| | |_    | |    J S|
| | |  _|_|  _|_| | |
|    _    |_| |   | |
|_|_ _|_|_ _ _|_|_ _|
(sala:0: 0 1 1 2 3)
(sala:1: 6)
(sala:6: 17 23)
(sala:8: 19 21)
(sala:12: 13)
(sala:14: 15)
(sala:16: 25)
(sala:22: 16)
(sala:26: 18 19 19 27)
(sala:27: 21 22 23)
(sala:37: 25 25 26)
(sala:47: 28 29 29)
(caminante:I:11:23:D )
(lannister:T:13:23:13 11 9 7 5 3 1 )
(targaryen:A:52:23:15 12 9 5 )
(stark:J:68:23:29 27 23 20 17 13 10 7 3 )
(stark:S:69:23:27 24 21 17 14 11 8 5 )

###########################################

(turno:23)
(mapa:99)
(puerta:cerrada:5:1 3 5 7 9 11 13 15 17 19 21 23 25 27 29 :)

 _ _ _ _ _ _ _ _ _ _
|_  |_  | |    _ _  |
|  _ I|  _ _| | |_  |
| |  _ T  |     | | |
|_|_   _|_  | | | | |
|_   _     _ _| | |_|
|_ _  |_|_| |_   _  |
| | |A    | |    S  |
| | |  _|_|  _|_|J| |
|    _    |_| |   | |
|_|_ _|_|_ _ _|_|_ _|
(sala:0: 0 1 1 2 3)
(sala:1: 6)
(sala:6: 17 23)
(sala:8: 19 21)
(sala:12: 13)
(sala:14: 15)
(sala:16: 25)
(sala:22: 16)
(sala:26: 18 19 19 27)
(sala:27: 21 22 23)
(sala:37: 25 25 26)
(sala:47: 28 29 29)
(caminante:I:12:24:D )
(lannister:T:23:24:13 11 9 7 5 3 1 )
(targaryen:A:62:24:15 12 9 5 )
(stark:S:68:24:27 24 21 17 14 11 8 5 )
(stark:J:78:24:29 27 23 20 17 13 10 7 3 )

###########################################

(turno:24)
(mapa:99)
(puerta:cerrada:5:1 3 5 7 9 11 13 15 17 19 21 23 25 27 29 :)

 _ _ _ _ _ _ _ _ _ _
|_  |_  | |    _ _  |
|  _  |  _ _| | |_  |
| |  2 _  |     | | |
|_|_   _|_  | | | | |
|_   _     _ _| | |_|
|_ _  |_|_| |_   _  |
| | |_ A  | |       |
| | |  _|_|  _|_|S| |
|    _    |_| |  J| |
|_|_ _|_|_ _ _|_|_ _|
(sala:0: 0 1 1 2 3)
(sala:1: 6)
(sala:6: 17 23)
(sala:8: 19 21)
(sala:12: 13)
(sala:14: 15)
(sala:16: 25)
(sala:22: 13 16)
(sala:26: 18 19 19 27)
(sala:27: 21 22 23)
(sala:37: 25 25 26)
(sala:47: 28 29 29)
(caminante:I:22:25:D )
(lannister:T:22:25:11 9 7 5 3 1 )
(targaryen:A:63:25:15 12 9 5 )
(stark:S:78:25:27 24 21 17 14 11 8 5 )
(stark:J:88:25:29 27 23 20 17 13 10 7 3 )

###########################################

(turno:25)
(mapa:99)
(puerta:cerrada:5:1 3 5 7 9 11 13 15 17 19 21 23 25 27 29 :)

 _ _ _ _ _ _ _ _ _ _
|_  |_  | |    _ _  |
|  _ T|  _ _| | |_  |
| |  _ I  |     | | |
|_|_   _|_  | | | | |
|_   _     _ _| | |_|
|_ _  |_|_| |_   _  |
| | |_    | |       |
| | |  A|_|  _|_| | |
|    _    |_| |  S| |
|_|_ _|_|_ _ _|_|J _|
(sala:0: 0 1 1 2 3)
(sala:1: 6)
(sala:6: 17 23)
(sala:8: 19 21)
(sala:12: 11 13)
(sala:14: 15)
(sala:16: 25)
(sala:22: 13 16)
(sala:26: 18 19 19 27)
(sala:27: 21 22 23)
(sala:37: 25 25 26)
(sala:47: 28 29 29)
(lannister:T:12:26:9 7 5 3 1 )
(caminante:I:23:26:D )
(targaryen:A:73:26:15 12 9 5 )
(stark:S:88:26:27 24 21 17 14 11 8 5 )
(stark:J:98:26:29 27 23 20 17 13 10 7 3 )

###########################################

(turno:26)
(mapa:99)
(puerta:cerrada:5:1 3 5 7 9 11 13 15 17 19 21 23 25 27 29 :)

 _ _ _ _ _ _ _ _ _ _
|_  |_  | |    _ _  |
|  T  |I _ _| | |_  |
| |  _ _  |     | | |
|_|_   _|_  | | | | |
|_   _     _ _| | |_|
|_ _  |_|_| |_   _  |
| | |_    | |       |
| | |A _|_|  _|_| | |
|    _    |_| |   | |
|_|_ _|_|_ _ _|_|S J|
(sala:0: 0 1 1 2 3)
(sala:1: 6)
(sala:6: 17 23)
(sala:8: 19 21)
(sala:12: 11 13)
(sala:14: 15)
(sala:16: 25)
(sala:22: 13 16)
(sala:26: 18 19 19 27)
(sala:27: 21 22 23)
(sala:37: 25 25 26)
(sala:47: 28 29 29)
(lannister:T:11:27:9 7 5 3 1 )
(caminante:I:13:27:D )
(targaryen:A:72:27:15 12 9 5 )
(stark:S:98:27:27 24 21 17 14 11 8 5 )
(stark:J:99:27:29 27 23 20 17 13 10 7 3 )

###########################################

(turno:27)
(mapa:99)
(puerta:abierta:5:1 3 5 7 9 11 13 15 17 19 21 23 25 27 :29 )

 _ _ _ _ _ _ _ _ _ _
|_ T|_  | |    _ _  |
|  _  |  I _| | |_  |
| |  _ _  |     | | |
|_|_   _|_  | | | | |
|_   _     _ _| | |_|
|_ _  |_|_| |_   _  |
| | |_    | |       |
| | |  _|_|  _|_| | |
|    A    |_| |   | |
|_|_ _|_|_ _ _|_|_ S|
(sala:0: 0 1 1 2 3)
(sala:1: 6)
(sala:6: 17 23)
(sala:8: 19 21)
(sala:12: 11 13)
(sala:14: 15)
(sala:16: 25)
(sala:22: 13 16)
(sala:26: 18 19 19 27)
(sala:27: 21 22 23)
(sala:37: 25 25 26)
(sala:47: 28 29 29)
(lannister:T:1:28:9 7 5 3 1 )
(caminante:I:14:28:D )
(targaryen:A:82:28:15 12 9 5 )
(stark:S:99:28:27 24 21 17 14 11 8 5 )
(miembrostrono)
(nuevorey:stark:J:1111:27)
###########################################

